# JRE version: Java(TM) SE Runtime Environment (8.0_201-b09) (build 1.8.0_201-b09)
# Java VM: Java HotSpot(TM) 64-Bit Server VM (25.201-b09 mixed mode windows-amd64 compressed oops)
Heap:
 PSYoungGen      total 33280K, used 8082K [0x00000000daf00000, 0x00000000dd400000, 0x0000000100000000)
  eden space 28672K, 28% used [0x00000000daf00000,0x00000000db6e4830,0x00000000dcb00000)
  from space 4608K, 0% used [0x00000000dcf80000,0x00000000dcf80000,0x00000000dd400000)
  to   space 4608K, 0% used [0x00000000dcb00000,0x00000000dcb00000,0x00000000dcf80000)
 ParOldGen       total 65536K, used 8700K [0x0000000090c00000, 0x0000000094c00000, 0x00000000daf00000)
  object space 65536K, 13% used [0x0000000090c00000,0x000000009147f2b0,0x0000000094c00000)
 Metaspace       used 22543K, capacity 23388K, committed 23552K, reserved 1069056K
  class space    used 3297K, capacity 3506K, committed 3584K, reserved 1048576K
GC Heap History (6 events):
Event: 0.878 GC heap before
{Heap before GC invocations=1 (full 0):
 PSYoungGen      total 33280K, used 28672K [0x00000000daf00000, 0x00000000dd400000, 0x0000000100000000)
  eden space 28672K, 100% used [0x00000000daf00000,0x00000000dcb00000,0x00000000dcb00000)
  from space 4608K, 0% used [0x00000000dcf80000,0x00000000dcf80000,0x00000000dd400000)
  to   space 4608K, 0% used [0x00000000dcb00000,0x00000000dcb00000,0x00000000dcf80000)
 ParOldGen       total 76800K, used 0K [0x0000000090c00000, 0x0000000095700000, 0x00000000daf00000)
  object space 76800K, 0% used [0x0000000090c00000,0x0000000090c00000,0x0000000095700000)
 Metaspace       used 13194K, capacity 13672K, committed 13824K, reserved 1060864K
  class space    used 1832K, capacity 1988K, committed 2048K, reserved 1048576K
Event: 0.883 GC heap after
Heap after GC invocations=1 (full 0):
 PSYoungGen      total 33280K, used 4576K [0x00000000daf00000, 0x00000000dd400000, 0x0000000100000000)
  eden space 28672K, 0% used [0x00000000daf00000,0x00000000daf00000,0x00000000dcb00000)
  from space 4608K, 99% used [0x00000000dcb00000,0x00000000dcf78030,0x00000000dcf80000)
  to   space 4608K, 0% used [0x00000000dcf80000,0x00000000dcf80000,0x00000000dd400000)
 ParOldGen       total 76800K, used 1430K [0x0000000090c00000, 0x0000000095700000, 0x00000000daf00000)
  object space 76800K, 1% used [0x0000000090c00000,0x0000000090d65b80,0x0000000095700000)
 Metaspace       used 13194K, capacity 13672K, committed 13824K, reserved 1060864K
  class space    used 1832K, capacity 1988K, committed 2048K, reserved 1048576K
}
Event: 2.363 GC heap before
{Heap before GC invocations=2 (full 0):
 PSYoungGen      total 33280K, used 19510K [0x00000000daf00000, 0x00000000dd400000, 0x0000000100000000)
  eden space 28672K, 52% used [0x00000000daf00000,0x00000000dbd95b18,0x00000000dcb00000)
  from space 4608K, 99% used [0x00000000dcb00000,0x00000000dcf78030,0x00000000dcf80000)
  to   space 4608K, 0% used [0x00000000dcf80000,0x00000000dcf80000,0x00000000dd400000)
 ParOldGen       total 76800K, used 1430K [0x0000000090c00000, 0x0000000095700000, 0x00000000daf00000)
  object space 76800K, 1% used [0x0000000090c00000,0x0000000090d65b80,0x0000000095700000)
 Metaspace       used 20418K, capacity 21184K, committed 21296K, reserved 1067008K
  class space    used 2994K, capacity 3198K, committed 3200K, reserved 1048576K
Event: 2.370 GC heap after
Heap after GC invocations=2 (full 0):
 PSYoungGen      total 33280K, used 4604K [0x00000000daf00000, 0x00000000dd400000, 0x0000000100000000)
  eden space 28672K, 0% used [0x00000000daf00000,0x00000000daf00000,0x00000000dcb00000)
  from space 4608K, 99% used [0x00000000dcf80000,0x00000000dd3ff080,0x00000000dd400000)
  to   space 4608K, 0% used [0x00000000dcb00000,0x00000000dcb00000,0x00000000dcf80000)
 ParOldGen       total 76800K, used 4456K [0x0000000090c00000, 0x0000000095700000, 0x00000000daf00000)
  object space 76800K, 5% used [0x0000000090c00000,0x000000009105a2e8,0x0000000095700000)
 Metaspace       used 20418K, capacity 21184K, committed 21296K, reserved 1067008K
  class space    used 2994K, capacity 3198K, committed 3200K, reserved 1048576K
}
Event: 2.370 GC heap before
{Heap before GC invocations=3 (full 1):
 PSYoungGen      total 33280K, used 4604K [0x00000000daf00000, 0x00000000dd400000, 0x0000000100000000)
  eden space 28672K, 0% used [0x00000000daf00000,0x00000000daf00000,0x00000000dcb00000)
  from space 4608K, 99% used [0x00000000dcf80000,0x00000000dd3ff080,0x00000000dd400000)
  to   space 4608K, 0% used [0x00000000dcb00000,0x00000000dcb00000,0x00000000dcf80000)
 ParOldGen       total 76800K, used 4456K [0x0000000090c00000, 0x0000000095700000, 0x00000000daf00000)
  object space 76800K, 5% used [0x0000000090c00000,0x000000009105a2e8,0x0000000095700000)
 Metaspace       used 20418K, capacity 21184K, committed 21296K, reserved 1067008K
  class space    used 2994K, capacity 3198K, committed 3200K, reserved 1048576K
Event: 2.439 GC heap after
Heap after GC invocations=3 (full 1):
 PSYoungGen      total 33280K, used 0K [0x00000000daf00000, 0x00000000dd400000, 0x0000000100000000)
  eden space 28672K, 0% used [0x00000000daf00000,0x00000000daf00000,0x00000000dcb00000)
  from space 4608K, 0% used [0x00000000dcf80000,0x00000000dcf80000,0x00000000dd400000)
  to   space 4608K, 0% used [0x00000000dcb00000,0x00000000dcb00000,0x00000000dcf80000)
 ParOldGen       total 65536K, used 8700K [0x0000000090c00000, 0x0000000094c00000, 0x00000000daf00000)
  object space 65536K, 13% used [0x0000000090c00000,0x000000009147f2b0,0x0000000094c00000)
 Metaspace       used 20418K, capacity 21184K, committed 21296K, reserved 1067008K
  class space    used 2994K, capacity 3198K, committed 3200K, reserved 1048576K
}

