# JRE version: Java(TM) SE Runtime Environment (8.0_201-b09) (build 1.8.0_201-b09)
# Java VM: Java HotSpot(TM) 64-Bit Server VM (25.201-b09 mixed mode windows-amd64 compressed oops)
Heap:
 PSYoungGen      total 33280K, used 10051K [0x00000000daf00000, 0x00000000dd400000, 0x0000000100000000)
  eden space 28672K, 35% used [0x00000000daf00000,0x00000000db8d0fc8,0x00000000dcb00000)
  from space 4608K, 0% used [0x00000000dcf80000,0x00000000dcf80000,0x00000000dd400000)
  to   space 4608K, 0% used [0x00000000dcb00000,0x00000000dcb00000,0x00000000dcf80000)
 ParOldGen       total 62976K, used 8625K [0x0000000090c00000, 0x0000000094980000, 0x00000000daf00000)
  object space 62976K, 13% used [0x0000000090c00000,0x000000009146c568,0x0000000094980000)
 Metaspace       used 22665K, capacity 23480K, committed 23808K, reserved 1069056K
  class space    used 3302K, capacity 3516K, committed 3584K, reserved 1048576K
GC Heap History (6 events):
Event: 0.890 GC heap before
{Heap before GC invocations=1 (full 0):
 PSYoungGen      total 33280K, used 28672K [0x00000000daf00000, 0x00000000dd400000, 0x0000000100000000)
  eden space 28672K, 100% used [0x00000000daf00000,0x00000000dcb00000,0x00000000dcb00000)
  from space 4608K, 0% used [0x00000000dcf80000,0x00000000dcf80000,0x00000000dd400000)
  to   space 4608K, 0% used [0x00000000dcb00000,0x00000000dcb00000,0x00000000dcf80000)
 ParOldGen       total 76800K, used 0K [0x0000000090c00000, 0x0000000095700000, 0x00000000daf00000)
  object space 76800K, 0% used [0x0000000090c00000,0x0000000090c00000,0x0000000095700000)
 Metaspace       used 13197K, capacity 13672K, committed 13824K, reserved 1060864K
  class space    used 1830K, capacity 1988K, committed 2048K, reserved 1048576K
Event: 0.895 GC heap after
Heap after GC invocations=1 (full 0):
 PSYoungGen      total 33280K, used 4576K [0x00000000daf00000, 0x00000000dd400000, 0x0000000100000000)
  eden space 28672K, 0% used [0x00000000daf00000,0x00000000daf00000,0x00000000dcb00000)
  from space 4608K, 99% used [0x00000000dcb00000,0x00000000dcf78040,0x00000000dcf80000)
  to   space 4608K, 0% used [0x00000000dcf80000,0x00000000dcf80000,0x00000000dd400000)
 ParOldGen       total 76800K, used 1410K [0x0000000090c00000, 0x0000000095700000, 0x00000000daf00000)
  object space 76800K, 1% used [0x0000000090c00000,0x0000000090d60b80,0x0000000095700000)
 Metaspace       used 13197K, capacity 13672K, committed 13824K, reserved 1060864K
  class space    used 1830K, capacity 1988K, committed 2048K, reserved 1048576K
}
Event: 2.468 GC heap before
{Heap before GC invocations=2 (full 0):
 PSYoungGen      total 33280K, used 19305K [0x00000000daf00000, 0x00000000dd400000, 0x0000000100000000)
  eden space 28672K, 51% used [0x00000000daf00000,0x00000000dbd62570,0x00000000dcb00000)
  from space 4608K, 99% used [0x00000000dcb00000,0x00000000dcf78040,0x00000000dcf80000)
  to   space 4608K, 0% used [0x00000000dcf80000,0x00000000dcf80000,0x00000000dd400000)
 ParOldGen       total 76800K, used 1410K [0x0000000090c00000, 0x0000000095700000, 0x00000000daf00000)
  object space 76800K, 1% used [0x0000000090c00000,0x0000000090d60b80,0x0000000095700000)
 Metaspace       used 20310K, capacity 21084K, committed 21248K, reserved 1067008K
  class space    used 2975K, capacity 3208K, committed 3328K, reserved 1048576K
Event: 2.476 GC heap after
Heap after GC invocations=2 (full 0):
 PSYoungGen      total 33280K, used 4592K [0x00000000daf00000, 0x00000000dd400000, 0x0000000100000000)
  eden space 28672K, 0% used [0x00000000daf00000,0x00000000daf00000,0x00000000dcb00000)
  from space 4608K, 99% used [0x00000000dcf80000,0x00000000dd3fc040,0x00000000dd400000)
  to   space 4608K, 0% used [0x00000000dcb00000,0x00000000dcb00000,0x00000000dcf80000)
 ParOldGen       total 76800K, used 4650K [0x0000000090c00000, 0x0000000095700000, 0x00000000daf00000)
  object space 76800K, 6% used [0x0000000090c00000,0x000000009108aa18,0x0000000095700000)
 Metaspace       used 20310K, capacity 21084K, committed 21248K, reserved 1067008K
  class space    used 2975K, capacity 3208K, committed 3328K, reserved 1048576K
}
Event: 2.476 GC heap before
{Heap before GC invocations=3 (full 1):
 PSYoungGen      total 33280K, used 4592K [0x00000000daf00000, 0x00000000dd400000, 0x0000000100000000)
  eden space 28672K, 0% used [0x00000000daf00000,0x00000000daf00000,0x00000000dcb00000)
  from space 4608K, 99% used [0x00000000dcf80000,0x00000000dd3fc040,0x00000000dd400000)
  to   space 4608K, 0% used [0x00000000dcb00000,0x00000000dcb00000,0x00000000dcf80000)
 ParOldGen       total 76800K, used 4650K [0x0000000090c00000, 0x0000000095700000, 0x00000000daf00000)
  object space 76800K, 6% used [0x0000000090c00000,0x000000009108aa18,0x0000000095700000)
 Metaspace       used 20310K, capacity 21084K, committed 21248K, reserved 1067008K
  class space    used 2975K, capacity 3208K, committed 3328K, reserved 1048576K
Event: 2.514 GC heap after
Heap after GC invocations=3 (full 1):
 PSYoungGen      total 33280K, used 0K [0x00000000daf00000, 0x00000000dd400000, 0x0000000100000000)
  eden space 28672K, 0% used [0x00000000daf00000,0x00000000daf00000,0x00000000dcb00000)
  from space 4608K, 0% used [0x00000000dcf80000,0x00000000dcf80000,0x00000000dd400000)
  to   space 4608K, 0% used [0x00000000dcb00000,0x00000000dcb00000,0x00000000dcf80000)
 ParOldGen       total 62976K, used 8625K [0x0000000090c00000, 0x0000000094980000, 0x00000000daf00000)
  object space 62976K, 13% used [0x0000000090c00000,0x000000009146c568,0x0000000094980000)
 Metaspace       used 20310K, capacity 21084K, committed 21248K, reserved 1067008K
  class space    used 2975K, capacity 3208K, committed 3328K, reserved 1048576K
}

